#
# There is insufficient memory for the Java Runtime Environment to continue.
# Native memory allocation (mmap) failed to map 134217728 bytes for committing reserved memory.
# Possible reasons:
#   The system is out of physical RAM or swap space
#   In 32 bit mode, the process size limit was hit
# Possible solutions:
#   Reduce memory load on the system
#   Increase physical memory or swap space
#   Check if swap backing store is full
#   Use 64 bit Java on a 64 bit OS
#   Decrease Java heap size (-Xmx/-Xms)
#   Decrease number of Java threads
#   Decrease Java thread stack sizes (-Xss)
#   Set larger code cache with -XX:ReservedCodeCacheSize=
# This output file may be truncated or incomplete.
#
#  Out of Memory Error (os_linux.cpp:2640), pid=4421, tid=0x00007f327980b700
#
# JRE version:  (8.0_181-b13) (build )
# Java VM: Java HotSpot(TM) 64-Bit Server VM (25.181-b13 mixed mode linux-amd64 compressed oops)
# Failed to write core dump. Core dumps have been disabled. To enable core dumping, try "ulimit -c unlimited" before starting Java again
#

---------------  T H R E A D  ---------------

Current thread (0x00007f327000a800):  JavaThread "Unknown thread" [_thread_in_vm, id=4425, stack(0x00007f327970b000,0x00007f327980c000)]

Stack: [0x00007f327970b000,0x00007f327980c000],  sp=0x00007f327980a320,  free space=1020k
Native frames: (J=compiled Java code, j=interpreted, Vv=VM code, C=native code)
V  [libjvm.so+0xad21aa]  VMError::report_and_die()+0x2ba
V  [libjvm.so+0x5022db]  report_vm_out_of_memory(char const*, int, unsigned long, VMErrorType, char const*)+0x8b
V  [libjvm.so+0x92fe33]  os::Linux::commit_memory_impl(char*, unsigned long, bool)+0x123
V  [libjvm.so+0x930059]  os::pd_commit_memory(char*, unsigned long, unsigned long, bool)+0x29
V  [libjvm.so+0x9272ba]  os::commit_memory(char*, unsigned long, unsigned long, bool)+0x2a
V  [libjvm.so+0x99d2e3]  PSVirtualSpace::expand_by(unsigned long)+0x53
V  [libjvm.so+0x9480b8]  ParMarkBitMap::initialize(MemRegion)+0x168
V  [libjvm.so+0x992f79]  PSParallelCompact::initialize()+0x149
V  [libjvm.so+0x9515d5]  ParallelScavengeHeap::initialize()+0x385
V  [libjvm.so+0xa9a1e3]  Universe::initialize_heap()+0xf3
V  [libjvm.so+0xa9a74e]  universe_init()+0x3e
V  [libjvm.so+0x644875]  init_globals()+0x65
V  [libjvm.so+0xa7eefe]  Threads::create_vm(JavaVMInitArgs*, bool*)+0x23e
V  [libjvm.so+0x6d8d74]  JNI_CreateJavaVM+0x74
C  [libjli.so+0x797e]  JavaMain+0x9e
C  [libpthread.so.0+0x76ba]  start_thread+0xca


---------------  P R O C E S S  ---------------

Java Threads: ( => current thread )

Other Threads:

=>0x00007f327000a800 (exited) JavaThread "Unknown thread" [_thread_in_vm, id=4425, stack(0x00007f327970b000,0x00007f327980c000)]

VM state:not at safepoint (not fully initialized)

VM Mutex/Monitor currently owned by a thread: None

GC Heap History (0 events):
No events

Deoptimization events (0 events):
No events

Classes redefined (0 events):
No events

Internal exceptions (0 events):
No events

Events (0 events):
No events


Dynamic libraries:
00400000-00401000 r-xp 00000000 08:03 1073144                            /usr/lib/jvm/java-8-oracle/jre/bin/java
00600000-00601000 rw-p 00000000 08:03 1073144                            /usr/lib/jvm/java-8-oracle/jre/bin/java
010d9000-010fa000 rw-p 00000000 00:00 0                                  [heap]
6c0000000-6c2980000 rw-p 00000000 00:00 0 
6c2980000-76ab00000 ---p 00000000 00:00 0 
76ab00000-76bf80000 rw-p 00000000 00:00 0 
76bf80000-7c0000000 ---p 00000000 00:00 0 
7f324c000000-7f324c021000 rw-p 00000000 00:00 0 
7f324c021000-7f3250000000 ---p 00000000 00:00 0 
7f3254000000-7f3254021000 rw-p 00000000 00:00 0 
7f3254021000-7f3258000000 ---p 00000000 00:00 0 
7f3258000000-7f3258021000 rw-p 00000000 00:00 0 
7f3258021000-7f325c000000 ---p 00000000 00:00 0 
7f325c000000-7f325c021000 rw-p 00000000 00:00 0 
7f325c021000-7f3260000000 ---p 00000000 00:00 0 
7f3261000000-7f3261270000 rwxp 00000000 00:00 0 
7f3261270000-7f3270000000 ---p 00000000 00:00 0 
7f3270000000-7f327003f000 rw-p 00000000 00:00 0 
7f327003f000-7f3274000000 ---p 00000000 00:00 0 
7f32750be000-7f3275349000 rw-p 00000000 00:00 0 
7f3275349000-7f327534a000 ---p 00000000 00:00 0 
7f327534a000-7f327544a000 rw-p 00000000 00:00 0 
7f327544a000-7f327544b000 ---p 00000000 00:00 0 
7f327544b000-7f327554b000 rw-p 00000000 00:00 0 
7f327554b000-7f327554c000 ---p 00000000 00:00 0 
7f327554c000-7f327564c000 rw-p 00000000 00:00 0 
7f327564c000-7f327564d000 ---p 00000000 00:00 0 
7f327564d000-7f3275762000 rw-p 00000000 00:00 0 
7f3275762000-7f3275ca3000 ---p 00000000 00:00 0 
7f3275ca3000-7f3275cb8000 rw-p 00000000 00:00 0 
7f3275cb8000-7f32761f8000 ---p 00000000 00:00 0 
7f32761f8000-7f3276203000 rw-p 00000000 00:00 0 
7f3276203000-7f32764a3000 ---p 00000000 00:00 0 
7f32764a3000-7f32764ae000 rw-p 00000000 00:00 0 
7f32764ae000-7f3276864000 ---p 00000000 00:00 0 
7f3276864000-7f327687f000 r-xp 00000000 08:03 1073470                    /usr/lib/jvm/java-8-oracle/jre/lib/amd64/libzip.so
7f327687f000-7f3276a7f000 ---p 0001b000 08:03 1073470                    /usr/lib/jvm/java-8-oracle/jre/lib/amd64/libzip.so
7f3276a7f000-7f3276a80000 rw-p 0001b000 08:03 1073470                    /usr/lib/jvm/java-8-oracle/jre/lib/amd64/libzip.so
7f3276a80000-7f3276a8b000 r-xp 00000000 08:03 1595226                    /lib/x86_64-linux-gnu/libnss_files-2.23.so
7f3276a8b000-7f3276c8a000 ---p 0000b000 08:03 1595226                    /lib/x86_64-linux-gnu/libnss_files-2.23.so
7f3276c8a000-7f3276c8b000 r--p 0000a000 08:03 1595226                    /lib/x86_64-linux-gnu/libnss_files-2.23.so
7f3276c8b000-7f3276c8c000 rw-p 0000b000 08:03 1595226                    /lib/x86_64-linux-gnu/libnss_files-2.23.so
7f3276c8c000-7f3276c92000 rw-p 00000000 00:00 0 
7f3276c92000-7f3276c9d000 r-xp 00000000 08:03 1595229                    /lib/x86_64-linux-gnu/libnss_nis-2.23.so
7f3276c9d000-7f3276e9c000 ---p 0000b000 08:03 1595229                    /lib/x86_64-linux-gnu/libnss_nis-2.23.so
7f3276e9c000-7f3276e9d000 r--p 0000a000 08:03 1595229                    /lib/x86_64-linux-gnu/libnss_nis-2.23.so
7f3276e9d000-7f3276e9e000 rw-p 0000b000 08:03 1595229                    /lib/x86_64-linux-gnu/libnss_nis-2.23.so
7f3276e9e000-7f3276eb4000 r-xp 00000000 08:03 1577746                    /lib/x86_64-linux-gnu/libnsl-2.23.so
7f3276eb4000-7f32770b3000 ---p 00016000 08:03 1577746                    /lib/x86_64-linux-gnu/libnsl-2.23.so
7f32770b3000-7f32770b4000 r--p 00015000 08:03 1577746                    /lib/x86_64-linux-gnu/libnsl-2.23.so
7f32770b4000-7f32770b5000 rw-p 00016000 08:03 1577746                    /lib/x86_64-linux-gnu/libnsl-2.23.so
7f32770b5000-7f32770b7000 rw-p 00000000 00:00 0 
7f32770b7000-7f32770bf000 r-xp 00000000 08:03 1595235                    /lib/x86_64-linux-gnu/libnss_compat-2.23.so
7f32770bf000-7f32772be000 ---p 00008000 08:03 1595235                    /lib/x86_64-linux-gnu/libnss_compat-2.23.so
7f32772be000-7f32772bf000 r--p 00007000 08:03 1595235                    /lib/x86_64-linux-gnu/libnss_compat-2.23.so
7f32772bf000-7f32772c0000 rw-p 00008000 08:03 1595235                    /lib/x86_64-linux-gnu/libnss_compat-2.23.so
7f32772c0000-7f32772eb000 r-xp 00000000 08:03 1073464                    /usr/lib/jvm/java-8-oracle/jre/lib/amd64/libjava.so
7f32772eb000-7f32774ea000 ---p 0002b000 08:03 1073464                    /usr/lib/jvm/java-8-oracle/jre/lib/amd64/libjava.so
7f32774ea000-7f32774ec000 rw-p 0002a000 08:03 1073464                    /usr/lib/jvm/java-8-oracle/jre/lib/amd64/libjava.so
7f32774ec000-7f32774f9000 r-xp 00000000 08:03 1073469                    /usr/lib/jvm/java-8-oracle/jre/lib/amd64/libverify.so
7f32774f9000-7f32776f9000 ---p 0000d000 08:03 1073469                    /usr/lib/jvm/java-8-oracle/jre/lib/amd64/libverify.so
7f32776f9000-7f32776fb000 rw-p 0000d000 08:03 1073469                    /usr/lib/jvm/java-8-oracle/jre/lib/amd64/libverify.so
7f32776fb000-7f3277702000 r-xp 00000000 08:03 1595231                    /lib/x86_64-linux-gnu/librt-2.23.so
7f3277702000-7f3277901000 ---p 00007000 08:03 1595231                    /lib/x86_64-linux-gnu/librt-2.23.so
7f3277901000-7f3277902000 r--p 00006000 08:03 1595231                    /lib/x86_64-linux-gnu/librt-2.23.so
7f3277902000-7f3277903000 rw-p 00007000 08:03 1595231                    /lib/x86_64-linux-gnu/librt-2.23.so
7f3277903000-7f3277a0b000 r-xp 00000000 08:03 1595240                    /lib/x86_64-linux-gnu/libm-2.23.so
7f3277a0b000-7f3277c0a000 ---p 00108000 08:03 1595240                    /lib/x86_64-linux-gnu/libm-2.23.so
7f3277c0a000-7f3277c0b000 r--p 00107000 08:03 1595240                    /lib/x86_64-linux-gnu/libm-2.23.so
7f3277c0b000-7f3277c0c000 rw-p 00108000 08:03 1595240                    /lib/x86_64-linux-gnu/libm-2.23.so
7f3277c0c000-7f32788e8000 r-xp 00000000 08:03 1073446                    /usr/lib/jvm/java-8-oracle/jre/lib/amd64/server/libjvm.so
7f32788e8000-7f3278ae8000 ---p 00cdc000 08:03 1073446                    /usr/lib/jvm/java-8-oracle/jre/lib/amd64/server/libjvm.so
7f3278ae8000-7f3278bc2000 rw-p 00cdc000 08:03 1073446                    /usr/lib/jvm/java-8-oracle/jre/lib/amd64/server/libjvm.so
7f3278bc2000-7f3278c0d000 rw-p 00000000 00:00 0 
7f3278c0d000-7f3278dcd000 r-xp 00000000 08:03 1595245                    /lib/x86_64-linux-gnu/libc-2.23.so
7f3278dcd000-7f3278fcd000 ---p 001c0000 08:03 1595245                    /lib/x86_64-linux-gnu/libc-2.23.so
7f3278fcd000-7f3278fd1000 r--p 001c0000 08:03 1595245                    /lib/x86_64-linux-gnu/libc-2.23.so
7f3278fd1000-7f3278fd3000 rw-p 001c4000 08:03 1595245                    /lib/x86_64-linux-gnu/libc-2.23.so
7f3278fd3000-7f3278fd7000 rw-p 00000000 00:00 0 
7f3278fd7000-7f3278fda000 r-xp 00000000 08:03 1595234                    /lib/x86_64-linux-gnu/libdl-2.23.so
7f3278fda000-7f32791d9000 ---p 00003000 08:03 1595234                    /lib/x86_64-linux-gnu/libdl-2.23.so
7f32791d9000-7f32791da000 r--p 00002000 08:03 1595234                    /lib/x86_64-linux-gnu/libdl-2.23.so
7f32791da000-7f32791db000 rw-p 00003000 08:03 1595234                    /lib/x86_64-linux-gnu/libdl-2.23.so
7f32791db000-7f32791f1000 r-xp 00000000 08:03 1073441                    /usr/lib/jvm/java-8-oracle/jre/lib/amd64/jli/libjli.so
7f32791f1000-7f32793f0000 ---p 00016000 08:03 1073441                    /usr/lib/jvm/java-8-oracle/jre/lib/amd64/jli/libjli.so
7f32793f0000-7f32793f1000 rw-p 00015000 08:03 1073441                    /usr/lib/jvm/java-8-oracle/jre/lib/amd64/jli/libjli.so
7f32793f1000-7f3279409000 r-xp 00000000 08:03 1595228                    /lib/x86_64-linux-gnu/libpthread-2.23.so
7f3279409000-7f3279608000 ---p 00018000 08:03 1595228                    /lib/x86_64-linux-gnu/libpthread-2.23.so
7f3279608000-7f3279609000 r--p 00017000 08:03 1595228                    /lib/x86_64-linux-gnu/libpthread-2.23.so
7f3279609000-7f327960a000 rw-p 00018000 08:03 1595228                    /lib/x86_64-linux-gnu/libpthread-2.23.so
7f327960a000-7f327960e000 rw-p 00000000 00:00 0 
7f327960e000-7f3279634000 r-xp 00000000 08:03 1595223                    /lib/x86_64-linux-gnu/ld-2.23.so
7f327970b000-7f327970e000 ---p 00000000 00:00 0 
7f327970e000-7f3279810000 rw-p 00000000 00:00 0 
7f3279827000-7f327982f000 rw-s 00000000 08:03 1474834                    /tmp/hsperfdata_ivanmolotkov/4421
7f327982f000-7f3279830000 rw-p 00000000 00:00 0 
7f3279830000-7f3279831000 r--p 00000000 00:00 0 
7f3279831000-7f3279833000 rw-p 00000000 00:00 0 
7f3279833000-7f3279834000 r--p 00025000 08:03 1595223                    /lib/x86_64-linux-gnu/ld-2.23.so
7f3279834000-7f3279835000 rw-p 00026000 08:03 1595223                    /lib/x86_64-linux-gnu/ld-2.23.so
7f3279835000-7f3279836000 rw-p 00000000 00:00 0 
7ffd30420000-7ffd30441000 rw-p 00000000 00:00 0                          [stack]
7ffd30561000-7ffd30563000 r--p 00000000 00:00 0                          [vvar]
7ffd30563000-7ffd30565000 r-xp 00000000 00:00 0                          [vdso]
ffffffffff600000-ffffffffff601000 r-xp 00000000 00:00 0                  [vsyscall]

VM Arguments:
jvm_args: -Xmx4g 
java_command: /home/ivanmolotkov/Документы/Java/miniproject_1/target/surefire/surefirebooter2502780261123590896.jar /home/ivanmolotkov/Документы/Java/miniproject_1/target/surefire/surefire1638178799637758882tmp /home/ivanmolotkov/Документы/Java/miniproject_1/target/surefire/surefire_04972607468152401558tmp
java_class_path (initial): /home/ivanmolotkov/Документы/Java/miniproject_1/target/surefire/surefirebooter2502780261123590896.jar
Launcher Type: SUN_STANDARD

Environment Variables:
JAVA_HOME=/usr/lib/jvm/java-8-oracle
PATH=/home/ivanmolotkov/bin:/home/ivanmolotkov/.local/bin:/usr/local/sbin:/usr/local/bin:/usr/sbin:/usr/bin:/sbin:/bin:/usr/games:/usr/local/games:/usr/lib/jvm/java-8-oracle/bin:/usr/lib/jvm/java-8-oracle/db/bin:/usr/lib/jvm/java-8-oracle/jre/bin
SHELL=/bin/bash
DISPLAY=:0

Signal Handlers:
SIGSEGV: [libjvm.so+0xad2a40], sa_mask[0]=11111111011111111101111111111110, sa_flags=SA_RESTART|SA_SIGINFO
SIGBUS: [libjvm.so+0xad2a40], sa_mask[0]=11111111011111111101111111111110, sa_flags=SA_RESTART|SA_SIGINFO
SIGFPE: [libjvm.so+0x92a610], sa_mask[0]=11111111011111111101111111111110, sa_flags=SA_RESTART|SA_SIGINFO
SIGPIPE: [libjvm.so+0x92a610], sa_mask[0]=11111111011111111101111111111110, sa_flags=SA_RESTART|SA_SIGINFO
SIGXFSZ: [libjvm.so+0x92a610], sa_mask[0]=11111111011111111101111111111110, sa_flags=SA_RESTART|SA_SIGINFO
SIGILL: [libjvm.so+0x92a610], sa_mask[0]=11111111011111111101111111111110, sa_flags=SA_RESTART|SA_SIGINFO
SIGUSR1: SIG_DFL, sa_mask[0]=00000000000000000000000000000000, sa_flags=none
SIGUSR2: [libjvm.so+0x92be70], sa_mask[0]=00100000000000000000000000000000, sa_flags=SA_RESTART|SA_SIGINFO
SIGHUP: SIG_DFL, sa_mask[0]=00000000000000000000000000000000, sa_flags=none
SIGINT: SIG_DFL, sa_mask[0]=00000000000000000000000000000000, sa_flags=none
SIGTERM: SIG_DFL, sa_mask[0]=00000000000000000000000000000000, sa_flags=none
SIGQUIT: SIG_DFL, sa_mask[0]=00000000000000000000000000000000, sa_flags=none


---------------  S Y S T E M  ---------------

OS:DISTRIB_ID=LinuxMint
DISTRIB_RELEASE=18.2
DISTRIB_CODENAME=sonya
DISTRIB_DESCRIPTION="Linux Mint 18.2 Sonya"

uname:Linux 4.8.0-53-generic #56~16.04.1-Ubuntu SMP Tue May 16 01:18:56 UTC 2017 x86_64
libc:glibc 2.23 NPTL 2.23 
rlimit: STACK 8192k, CORE 0k, NPROC 15207, NOFILE 65536, AS infinity
load average:2.34 2.03 1.15

/proc/meminfo:
MemTotal:        3938408 kB
MemFree:          104764 kB
MemAvailable:      45528 kB
Buffers:            2672 kB
Cached:           412648 kB
SwapCached:            0 kB
Active:          3338808 kB
Inactive:         336128 kB
Active(anon):    3295032 kB
Inactive(anon):   293596 kB
Active(file):      43776 kB
Inactive(file):    42532 kB
Unevictable:          48 kB
Mlocked:              48 kB
SwapTotal:             0 kB
SwapFree:              0 kB
Dirty:               180 kB
Writeback:             0 kB
AnonPages:       3259744 kB
Mapped:           299396 kB
Shmem:            328976 kB
Slab:              67032 kB
SReclaimable:      33892 kB
SUnreclaim:        33140 kB
KernelStack:       11280 kB
PageTables:        36768 kB
NFS_Unstable:          0 kB
Bounce:                0 kB
WritebackTmp:          0 kB
CommitLimit:     1969204 kB
Committed_AS:    7577336 kB
VmallocTotal:   34359738367 kB
VmallocUsed:           0 kB
VmallocChunk:          0 kB
HardwareCorrupted:     0 kB
AnonHugePages:   1282048 kB
ShmemHugePages:        0 kB
ShmemPmdMapped:        0 kB
CmaTotal:              0 kB
CmaFree:               0 kB
HugePages_Total:       0
HugePages_Free:        0
HugePages_Rsvd:        0
HugePages_Surp:        0
Hugepagesize:       2048 kB
DirectMap4k:      114272 kB
DirectMap2M:     3975168 kB
DirectMap1G:           0 kB


CPU:total 4 (initial active 4) (2 cores per cpu, 2 threads per core) family 6 model 142 stepping 9, cmov, cx8, fxsr, mmx, sse, sse2, sse3, ssse3, sse4.1, sse4.2, popcnt, avx, avx2, aes, clmul, erms, 3dnowpref, lzcnt, ht, tsc, tscinvbit, bmi1, bmi2, adx

/proc/cpuinfo:
processor	: 0
vendor_id	: GenuineIntel
cpu family	: 6
model		: 142
model name	: Intel(R) Core(TM) i5-7200U CPU @ 2.50GHz
stepping	: 9
microcode	: 0x3c
cpu MHz		: 3099.957
cache size	: 3072 KB
physical id	: 0
siblings	: 4
core id		: 0
cpu cores	: 2
apicid		: 0
initial apicid	: 0
fpu		: yes
fpu_exception	: yes
cpuid level	: 22
wp		: yes
flags		: fpu vme de pse tsc msr pae mce cx8 apic sep mtrr pge mca cmov pat pse36 clflush dts acpi mmx fxsr sse sse2 ss ht tm pbe syscall nx pdpe1gb rdtscp lm constant_tsc art arch_perfmon pebs bts rep_good nopl xtopology nonstop_tsc aperfmperf eagerfpu pni pclmulqdq dtes64 monitor ds_cpl vmx est tm2 ssse3 sdbg fma cx16 xtpr pdcm pcid sse4_1 sse4_2 x2apic movbe popcnt tsc_deadline_timer aes xsave avx f16c rdrand lahf_lm abm 3dnowprefetch epb intel_pt tpr_shadow vnmi flexpriority ept vpid fsgsbase tsc_adjust bmi1 avx2 smep bmi2 erms invpcid mpx rdseed adx smap clflushopt xsaveopt xsavec xgetbv1 xsaves dtherm ida arat pln pts hwp hwp_notify hwp_act_window hwp_epp
bugs		:
bogomips	: 5400.00
clflush size	: 64
cache_alignment	: 64
address sizes	: 39 bits physical, 48 bits virtual
power management:

processor	: 1
vendor_id	: GenuineIntel
cpu family	: 6
model		: 142
model name	: Intel(R) Core(TM) i5-7200U CPU @ 2.50GHz
stepping	: 9
microcode	: 0x3c
cpu MHz		: 3099.957
cache size	: 3072 KB
physical id	: 0
siblings	: 4
core id		: 1
cpu cores	: 2
apicid		: 2
initial apicid	: 2
fpu		: yes
fpu_exception	: yes
cpuid level	: 22
wp		: yes
flags		: fpu vme de pse tsc msr pae mce cx8 apic sep mtrr pge mca cmov pat pse36 clflush dts acpi mmx fxsr sse sse2 ss ht tm pbe syscall nx pdpe1gb rdtscp lm constant_tsc art arch_perfmon pebs bts rep_good nopl xtopology nonstop_tsc aperfmperf eagerfpu pni pclmulqdq dtes64 monitor ds_cpl vmx est tm2 ssse3 sdbg fma cx16 xtpr pdcm pcid sse4_1 sse4_2 x2apic movbe popcnt tsc_deadline_timer aes xsave avx f16c rdrand lahf_lm abm 3dnowprefetch epb intel_pt tpr_shadow vnmi flexpriority ept vpid fsgsbase tsc_adjust bmi1 avx2 smep bmi2 erms invpcid mpx rdseed adx smap clflushopt xsaveopt xsavec xgetbv1 xsaves dtherm ida arat pln pts hwp hwp_notify hwp_act_window hwp_epp
bugs		:
bogomips	: 5400.00
clflush size	: 64
cache_alignment	: 64
address sizes	: 39 bits physical, 48 bits virtual
power management:

processor	: 2
vendor_id	: GenuineIntel
cpu family	: 6
model		: 142
model name	: Intel(R) Core(TM) i5-7200U CPU @ 2.50GHz
stepping	: 9
microcode	: 0x3c
cpu MHz		: 3099.957
cache size	: 3072 KB
physical id	: 0
siblings	: 4
core id		: 0
cpu cores	: 2
apicid		: 1
initial apicid	: 1
fpu		: yes
fpu_exception	: yes
cpuid level	: 22
wp		: yes
flags		: fpu vme de pse tsc msr pae mce cx8 apic sep mtrr pge mca cmov pat pse36 clflush dts acpi mmx fxsr sse sse2 ss ht tm pbe syscall nx pdpe1gb rdtscp lm constant_tsc art arch_perfmon pebs bts rep_good nopl xtopology nonstop_tsc aperfmperf eagerfpu pni pclmulqdq dtes64 monitor ds_cpl vmx est tm2 ssse3 sdbg fma cx16 xtpr pdcm pcid sse4_1 sse4_2 x2apic movbe popcnt tsc_deadline_timer aes xsave avx f16c rdrand lahf_lm abm 3dnowprefetch epb intel_pt tpr_shadow vnmi flexpriority ept vpid fsgsbase tsc_adjust bmi1 avx2 smep bmi2 erms invpcid mpx rdseed adx smap clflushopt xsaveopt xsavec xgetbv1 xsaves dtherm ida arat pln pts hwp hwp_notify hwp_act_window hwp_epp
bugs		:
bogomips	: 5400.00
clflush size	: 64
cache_alignment	: 64
address sizes	: 39 bits physical, 48 bits virtual
power management:

processor	: 3
vendor_id	: GenuineIntel
cpu family	: 6
model		: 142
model name	: Intel(R) Core(TM) i5-7200U CPU @ 2.50GHz
stepping	: 9
microcode	: 0x3c
cpu MHz		: 3099.957
cache size	: 3072 KB
physical id	: 0
siblings	: 4
core id		: 1
cpu cores	: 2
apicid		: 3
initial apicid	: 3
fpu		: yes
fpu_exception	: yes
cpuid level	: 22
wp		: yes
flags		: fpu vme de pse tsc msr pae mce cx8 apic sep mtrr pge mca cmov pat pse36 clflush dts acpi mmx fxsr sse sse2 ss ht tm pbe syscall nx pdpe1gb rdtscp lm constant_tsc art arch_perfmon pebs bts rep_good nopl xtopology nonstop_tsc aperfmperf eagerfpu pni pclmulqdq dtes64 monitor ds_cpl vmx est tm2 ssse3 sdbg fma cx16 xtpr pdcm pcid sse4_1 sse4_2 x2apic movbe popcnt tsc_deadline_timer aes xsave avx f16c rdrand lahf_lm abm 3dnowprefetch epb intel_pt tpr_shadow vnmi flexpriority ept vpid fsgsbase tsc_adjust bmi1 avx2 smep bmi2 erms invpcid mpx rdseed adx smap clflushopt xsaveopt xsavec xgetbv1 xsaves dtherm ida arat pln pts hwp hwp_notify hwp_act_window hwp_epp
bugs		:
bogomips	: 5400.00
clflush size	: 64
cache_alignment	: 64
address sizes	: 39 bits physical, 48 bits virtual
power management:



Memory: 4k page, physical 3938408k(104764k free), swap 0k(0k free)

vm_info: Java HotSpot(TM) 64-Bit Server VM (25.181-b13) for linux-amd64 JRE (1.8.0_181-b13), built on Jul  7 2018 00:56:38 by "java_re" with gcc 4.3.0 20080428 (Red Hat 4.3.0-8)

time: Wed May 15 14:27:50 2019
elapsed time: 0 seconds (0d 0h 0m 0s)

